<?xml version="1.0" encoding="UTF-8"?>
<!-- Generated by org.testng.reporters.JUnitReportReporter -->
<testsuite skipped="0" hostname="Dhana" name="com.grootantech.testCases.TC_002" tests="1" failures="0" timestamp="04 Nov 2020 14:32:18 GMT" time="12.466" errors="0">
  <testcase name="TC_ScreenshotCompare_2" time="12.466" classname="com.grootantech.testCases.TC_002"/>
</testsuite> <!-- com.grootantech.testCases.TC_002 -->
