<?xml version="1.0" encoding="UTF-8"?>
<!-- Generated by org.testng.reporters.JUnitReportReporter -->
<testsuite skipped="0" hostname="Dhana" name="com.grootantech.testCases.ReRun" tests="1" failures="0" timestamp="04 Nov 2020 18:07:38 GMT" time="50.699" errors="0">
  <testcase name="TC_ScreenshotCompare_2" time="50.699" classname="com.grootantech.testCases.ReRun"/>
</testsuite> <!-- com.grootantech.testCases.ReRun -->
