<?xml version="1.0" encoding="UTF-8"?>
<!-- Generated by org.testng.reporters.JUnitReportReporter -->
<testsuite skipped="0" hostname="Dhana" name="com.grootantech.testCases.Screenshot" tests="1" failures="0" timestamp="03 Nov 2020 09:23:54 GMT" time="23.955" errors="0">
  <testcase name="TC_Screenshot_1" time="23.955" classname="com.grootantech.testCases.Screenshot"/>
</testsuite> <!-- com.grootantech.testCases.Screenshot -->
