<?xml version="1.0" encoding="UTF-8"?>
<!-- Generated by org.testng.reporters.JUnitReportReporter -->
<testsuite skipped="0" hostname="Dhana" name="com.grootantech.testCases.Screenshot" tests="1" failures="0" timestamp="04 Nov 2020 18:07:38 GMT" time="55.361" errors="0">
  <testcase name="TC_Screenshot_1" time="55.361" classname="com.grootantech.testCases.Screenshot"/>
</testsuite> <!-- com.grootantech.testCases.Screenshot -->
