<?xml version="1.0" encoding="UTF-8"?>
<!-- Generated by org.testng.reporters.JUnitReportReporter -->
<testsuite skipped="0" hostname="Dhana" name="com.grootantech.testCases.TC_001" tests="1" failures="0" timestamp="02 Nov 2020 15:36:12 GMT" time="20.126" errors="0">
  <testcase name="TC1" time="20.126" classname="com.grootantech.testCases.TC_001"/>
</testsuite> <!-- com.grootantech.testCases.TC_001 -->
